{"ip":null,"type":"MAGIC_CODE_SENT","ua":null,"email":"admin@pneumali.ml","ts":"2025-10-27T15:28:39.247919400Z"}
{"meta":{"reason":"NEW_DEVICE_OR_DEV_ROLE"},"ip":"0:0:0:0:0:0:0:1","type":"SUSPICIOUS_LOGIN","ua":"Mozilla/5.0 (Windows NT 10.0; Win64; x64) AppleWebKit/537.36 (KHTML, like Gecko) Chrome/141.0.0.0 Safari/537.36","email":"admin@pneumali.ml","ts":"2025-10-27T15:28:39.262035500Z"}
{"meta":{"cause":"BAD_CREDENTIALS"},"ip":"0:0:0:0:0:0:0:1","type":"LOGIN_FAILED","ua":"Mozilla/5.0 (Windows NT 10.0; Win64; x64) AppleWebKit/537.36 (KHTML, like Gecko) Chrome/141.0.0.0 Safari/537.36","email":"amadoulandoure004@gmail.com","ts":"2025-10-27T15:32:11.120624200Z"}
{"ip":null,"type":"MAGIC_CODE_SENT","ua":null,"email":"amadoulandoure004@gmail.com","ts":"2025-10-27T15:32:20.972435700Z"}
{"meta":{"reason":"NEW_DEVICE_OR_DEV_ROLE"},"ip":"0:0:0:0:0:0:0:1","type":"SUSPICIOUS_LOGIN","ua":"Mozilla/5.0 (Windows NT 10.0; Win64; x64) AppleWebKit/537.36 (KHTML, like Gecko) Chrome/141.0.0.0 Safari/537.36","email":"amadoulandoure004@gmail.com","ts":"2025-10-27T15:32:20.973386400Z"}
{"ip":null,"type":"MAGIC_CODE_SENT","ua":null,"email":"amadoulandoure004@gmail.com","ts":"2025-10-27T15:35:59.254861700Z"}
{"meta":{"reason":"NEW_DEVICE_OR_DEV_ROLE"},"ip":"0:0:0:0:0:0:0:1","type":"SUSPICIOUS_LOGIN","ua":"Mozilla/5.0 (Windows NT 10.0; Win64; x64) AppleWebKit/537.36 (KHTML, like Gecko) Chrome/141.0.0.0 Safari/537.36","email":"amadoulandoure004@gmail.com","ts":"2025-10-27T15:35:59.255852200Z"}
{"ip":null,"type":"MAGIC_CODE_SENT","ua":null,"email":"amadoulandoure00@gmail.com","ts":"2025-10-27T15:48:34.278048100Z"}
{"meta":{"resend":false},"ip":null,"type":"MAGIC_CODE_SENT","ua":null,"email":"amadoulandoure00@gmail.com","ts":"2025-10-27T15:48:34.300216400Z"}
{"ip":null,"type":"MAGIC_CODE_SENT","ua":null,"email":"amadoulandoure004@gmail.com","ts":"2025-10-27T15:49:07.919526600Z"}
{"meta":{"reason":"NEW_DEVICE_OR_DEV_ROLE"},"ip":"0:0:0:0:0:0:0:1","type":"SUSPICIOUS_LOGIN","ua":"Mozilla/5.0 (Windows NT 10.0; Win64; x64) AppleWebKit/537.36 (KHTML, like Gecko) Chrome/141.0.0.0 Safari/537.36","email":"amadoulandoure004@gmail.com","ts":"2025-10-27T15:49:07.919526600Z"}
{"ip":null,"type":"MAGIC_CODE_SENT","ua":null,"email":"admin@pneumali.ml","ts":"2025-10-27T15:57:31.747453100Z"}
{"meta":{"reason":"FIRST_LOGIN_OR_DEVELOPER"},"ip":"0:0:0:0:0:0:0:1","type":"2FA_REQUIRED","ua":"Mozilla/5.0 (Windows NT; Windows NT 10.0; en-US) WindowsPowerShell/5.1.26100.6899","email":"admin@pneumali.ml","ts":"2025-10-27T15:57:31.754446300Z"}
{"ip":null,"type":"MAGIC_CODE_SENT","ua":null,"email":"amadoulandoure004@gmail.com","ts":"2025-10-27T16:02:17.765227400Z"}
{"meta":{"reason":"FIRST_LOGIN_OR_DEVELOPER"},"ip":"0:0:0:0:0:0:0:1","type":"2FA_REQUIRED","ua":"Mozilla/5.0 (Windows NT 10.0; Win64; x64) AppleWebKit/537.36 (KHTML, like Gecko) Chrome/141.0.0.0 Safari/537.36","email":"amadoulandoure004@gmail.com","ts":"2025-10-27T16:02:17.779239400Z"}
{"ip":null,"type":"MAGIC_CODE_SENT","ua":null,"email":"amadoulandoure004@gmail.com","ts":"2025-10-27T16:33:59.660816500Z"}
{"meta":{"reason":"FIRST_LOGIN_OR_DEVELOPER"},"ip":"0:0:0:0:0:0:0:1","type":"2FA_REQUIRED","ua":"Mozilla/5.0 (Windows NT 10.0; Win64; x64) AppleWebKit/537.36 (KHTML, like Gecko) Chrome/141.0.0.0 Safari/537.36","email":"amadoulandoure004@gmail.com","ts":"2025-10-27T16:33:59.674800Z"}
{"ip":null,"type":"MAGIC_CODE_SENT","ua":null,"email":"amadoulandoure004@gmail.com","ts":"2025-10-27T18:40:58.070390700Z"}
{"meta":{"reason":"FIRST_LOGIN_OR_DEVELOPER"},"ip":"0:0:0:0:0:0:0:1","type":"2FA_REQUIRED","ua":"Mozilla/5.0 (Windows NT 10.0; Win64; x64) AppleWebKit/537.36 (KHTML, like Gecko) Chrome/141.0.0.0 Safari/537.36","email":"amadoulandoure004@gmail.com","ts":"2025-10-27T18:40:58.095411100Z"}
{"ip":null,"type":"MAGIC_CODE_SENT","ua":null,"email":"amadoulandoure89@gmail.com","ts":"2025-10-27T18:42:55.664728500Z"}
{"meta":{"resend":false},"ip":null,"type":"MAGIC_CODE_SENT","ua":null,"email":"amadoulandoure89@gmail.com","ts":"2025-10-27T18:42:55.664728500Z"}
{"ip":null,"type":"MAGIC_CODE_SENT","ua":null,"email":"amadoulandoure89@gmail.com","ts":"2025-10-27T18:44:42.857322900Z"}
{"meta":{"resend":false},"ip":null,"type":"MAGIC_CODE_SENT","ua":null,"email":"amadoulandoure89@gmail.com","ts":"2025-10-27T18:44:42.858323100Z"}
{"ip":null,"type":"MAGIC_CODE_SENT","ua":null,"email":"amadoulandoure89@gmail.com","ts":"2025-10-27T19:02:34.273741100Z"}
{"meta":{"resend":false},"ip":null,"type":"MAGIC_CODE_SENT","ua":null,"email":"amadoulandoure89@gmail.com","ts":"2025-10-27T19:02:34.300647Z"}
{"ip":null,"type":"CODE_VERIFIED","ua":null,"email":"amadoulandoure89@gmail.com","ts":"2025-10-27T19:02:50.360595100Z"}
{"ip":null,"type":"MAGIC_CODE_SENT","ua":null,"email":"amadoulandoure89@gmail.com","ts":"2025-10-27T19:54:56.487158600Z"}
{"meta":{"resend":false},"ip":null,"type":"MAGIC_CODE_SENT","ua":null,"email":"amadoulandoure89@gmail.com","ts":"2025-10-27T19:54:56.490687500Z"}
{"ip":null,"type":"CODE_VERIFIED","ua":null,"email":"amadoulandoure89@gmail.com","ts":"2025-10-27T19:55:10.537695500Z"}
{"ip":null,"type":"MAGIC_CODE_SENT","ua":null,"email":"amadoulandoure89@gmail.com","ts":"2025-10-27T20:11:38.019505800Z"}
{"meta":{"resend":false},"ip":null,"type":"MAGIC_CODE_SENT","ua":null,"email":"amadoulandoure89@gmail.com","ts":"2025-10-27T20:11:38.023408800Z"}
{"ip":null,"type":"CODE_VERIFIED","ua":null,"email":"amadoulandoure89@gmail.com","ts":"2025-10-27T20:11:52.883300200Z"}
{"ip":null,"type":"MAGIC_CODE_SENT","ua":null,"email":"amadoulandoure89@gmail.com","ts":"2025-10-27T20:17:11.615996500Z"}
{"meta":{"resend":false},"ip":null,"type":"MAGIC_CODE_SENT","ua":null,"email":"amadoulandoure89@gmail.com","ts":"2025-10-27T20:17:11.619996200Z"}
{"ip":null,"type":"CODE_VERIFIED","ua":null,"email":"amadoulandoure89@gmail.com","ts":"2025-10-27T20:17:23.630738700Z"}
{"ip":null,"type":"MAGIC_CODE_SENT","ua":null,"email":"amadoulandoure004@gmail.com","ts":"2025-10-27T20:32:31.616634Z"}
{"meta":{"reason":"FIRST_LOGIN_OR_DEVELOPER"},"ip":"0:0:0:0:0:0:0:1","type":"2FA_REQUIRED","ua":"Mozilla/5.0 (Windows NT 10.0; Win64; x64) AppleWebKit/537.36 (KHTML, like Gecko) Chrome/141.0.0.0 Safari/537.36","email":"amadoulandoure004@gmail.com","ts":"2025-10-27T20:32:31.620625400Z"}
{"ip":null,"type":"MAGIC_CODE_SENT","ua":null,"email":"amadoulandoure89@gmail.com","ts":"2025-10-27T20:32:58.061465500Z"}
{"meta":{"resend":false},"ip":null,"type":"MAGIC_CODE_SENT","ua":null,"email":"amadoulandoure89@gmail.com","ts":"2025-10-27T20:32:58.061465500Z"}
{"ip":null,"type":"CODE_VERIFIED","ua":null,"email":"amadoulandoure89@gmail.com","ts":"2025-10-27T20:33:17.594225800Z"}
{"ip":null,"type":"MAGIC_CODE_SENT","ua":null,"email":"amadoulandoure89@gmail.com","ts":"2025-10-27T22:04:14.075802600Z"}
{"meta":{"resend":false},"ip":null,"type":"MAGIC_CODE_SENT","ua":null,"email":"amadoulandoure89@gmail.com","ts":"2025-10-27T22:04:14.077763900Z"}
{"ip":null,"type":"CODE_VERIFIED","ua":null,"email":"amadoulandoure89@gmail.com","ts":"2025-10-27T22:04:28.468460700Z"}
{"ip":null,"type":"MAGIC_CODE_SENT","ua":null,"email":"amadoulandoure89@gmail.com","ts":"2025-10-27T22:06:26.804308Z"}
{"meta":{"resend":false},"ip":null,"type":"MAGIC_CODE_SENT","ua":null,"email":"amadoulandoure89@gmail.com","ts":"2025-10-27T22:06:26.804308Z"}
{"ip":null,"type":"CODE_VERIFIED","ua":null,"email":"amadoulandoure89@gmail.com","ts":"2025-10-27T22:06:38.432495600Z"}
{"ip":null,"type":"MAGIC_CODE_SENT","ua":null,"email":"amadoulandoure89@gmail.com","ts":"2025-10-27T22:42:02.118648100Z"}
{"meta":{"resend":false},"ip":null,"type":"MAGIC_CODE_SENT","ua":null,"email":"amadoulandoure89@gmail.com","ts":"2025-10-27T22:42:02.127905300Z"}
{"ip":null,"type":"MAGIC_CODE_SENT","ua":null,"email":"amadoulandoure89@gmail.com","ts":"2025-10-27T23:02:26.611093500Z"}
{"meta":{"resend":false},"ip":null,"type":"MAGIC_CODE_SENT","ua":null,"email":"amadoulandoure89@gmail.com","ts":"2025-10-27T23:02:26.634783200Z"}
{"ip":null,"type":"CODE_VERIFIED","ua":null,"email":"amadoulandoure89@gmail.com","ts":"2025-10-27T23:02:44.189075700Z"}
{"ip":null,"type":"MAGIC_CODE_SENT","ua":null,"email":"landoureamadou89@gmail.com","ts":"2025-10-27T23:19:26.893248600Z"}
{"meta":{"resend":false},"ip":null,"type":"MAGIC_CODE_SENT","ua":null,"email":"landoureamadou89@gmail.com","ts":"2025-10-27T23:19:26.902312800Z"}
{"ip":null,"type":"NEW_USER_REGISTRATION","ua":null,"email":"amadoulandoure89@gmail.com","ts":"2025-10-27T23:50:39.012373400Z"}
{"ip":null,"type":"MAGIC_CODE_SENT","ua":null,"email":"amadoulandoure89@gmail.com","ts":"2025-10-27T23:50:45.016245400Z"}
{"meta":{"resendCount":0,"isNewUser":true},"ip":null,"type":"MAGIC_CODE_SENT","ua":null,"email":"amadoulandoure89@gmail.com","ts":"2025-10-27T23:50:45.018245500Z"}
{"ip":null,"type":"CODE_VERIFIED","ua":null,"email":"amadoulandoure89@gmail.com","ts":"2025-10-27T23:51:02.214100300Z"}
